#
# There is insufficient memory for the Java Runtime Environment to continue.
# Native memory allocation (malloc) failed to allocate 198416 bytes for Chunk::new
# Possible reasons:
#   The system is out of physical RAM or swap space
#   In 32 bit mode, the process size limit was hit
# Possible solutions:
#   Reduce memory load on the system
#   Increase physical memory or swap space
#   Check if swap backing store is full
#   Use 64 bit Java on a 64 bit OS
#   Decrease Java heap size (-Xmx/-Xms)
#   Decrease number of Java threads
#   Decrease Java thread stack sizes (-Xss)
#   Set larger code cache with -XX:ReservedCodeCacheSize=
# This output file may be truncated or incomplete.
#
#  Out of Memory Error (allocation.cpp:390), pid=47272, tid=0x000000000002258c
#
# JRE version: Java(TM) SE Runtime Environment (8.0_181-b13) (build 1.8.0_181-b13)
# Java VM: Java HotSpot(TM) 64-Bit Server VM (25.181-b13 mixed mode windows-amd64 compressed oops)
# Failed to write core dump. Minidumps are not enabled by default on client versions of Windows
#

---------------  T H R E A D  ---------------

Current thread (0x0000000015503000):  JavaThread "C2 CompilerThread1" daemon [_thread_in_native, id=140684, stack(0x0000000015b00000,0x0000000015c00000)]

Stack: [0x0000000015b00000,0x0000000015c00000]
[error occurred during error reporting (printing stack bounds), id 0xc0000005]

Native frames: (J=compiled Java code, j=interpreted, Vv=VM code, C=native code)


Current CompileTask:
C2:  41044 1238       4       com.kaka.javaAdvancedDemo.OhcDemo$1::serialize (42 bytes)


---------------  P R O C E S S  ---------------

Java Threads: ( => current thread )
  0x000000001632c800 JavaThread "RMI TCP Connection(2)-10.51.130.155" daemon [_thread_in_native, id=108800, stack(0x0000000016d40000,0x0000000016e40000)]
  0x0000000016246800 JavaThread "JMX server connection timeout 15" daemon [_thread_blocked, id=137188, stack(0x0000000017040000,0x0000000017140000)]
  0x0000000016246000 JavaThread "RMI Scheduler(0)" daemon [_thread_blocked, id=67840, stack(0x0000000016f40000,0x0000000017040000)]
  0x0000000016234800 JavaThread "RMI TCP Connection(1)-10.51.130.155" daemon [_thread_in_native, id=147612, stack(0x0000000016e40000,0x0000000016f40000)]
  0x000000001622f000 JavaThread "RMI TCP Accept-0" daemon [_thread_in_native, id=111172, stack(0x0000000016c40000,0x0000000016d40000)]
  0x0000000015600000 JavaThread "Service Thread" daemon [_thread_blocked, id=141480, stack(0x0000000015d20000,0x0000000015e20000)]
  0x0000000015506000 JavaThread "C1 CompilerThread2" daemon [_thread_blocked, id=136072, stack(0x0000000015c00000,0x0000000015d00000)]
=>0x0000000015503000 JavaThread "C2 CompilerThread1" daemon [_thread_in_native, id=140684, stack(0x0000000015b00000,0x0000000015c00000)]
  0x0000000015502000 JavaThread "C2 CompilerThread0" daemon [_thread_blocked, id=139212, stack(0x0000000015a00000,0x0000000015b00000)]
  0x00000000154a5000 JavaThread "Monitor Ctrl-Break" daemon [_thread_in_native, id=79920, stack(0x0000000015900000,0x0000000015a00000)]
  0x0000000013982800 JavaThread "Attach Listener" daemon [_thread_blocked, id=138596, stack(0x0000000015800000,0x0000000015900000)]
  0x000000001534b800 JavaThread "Signal Dispatcher" daemon [_thread_blocked, id=141308, stack(0x0000000015700000,0x0000000015800000)]
  0x000000000343d800 JavaThread "Finalizer" daemon [_thread_blocked, id=78124, stack(0x0000000015200000,0x0000000015300000)]
  0x0000000003435000 JavaThread "Reference Handler" daemon [_thread_blocked, id=135780, stack(0x0000000015100000,0x0000000015200000)]
  0x0000000003343800 JavaThread "main" [_thread_in_vm, id=131860, stack(0x0000000003070000,0x0000000003170000)]

Other Threads:
  0x0000000013938000 VMThread [stack: 0x0000000015000000,0x0000000015100000] [id=34880]
  0x0000000015602000 WatcherThread [stack: 0x0000000015e20000,0x0000000015f20000] [id=137312]

VM state:not at safepoint (normal execution)

VM Mutex/Monitor currently owned by a thread: None

Heap:
 PSYoungGen      total 13824K, used 12595K [0x00000000fef80000, 0x0000000100000000, 0x0000000100000000)
  eden space 10752K, 97% used [0x00000000fef80000,0x00000000ff9b4c68,0x00000000ffa00000)
  from space 3072K, 69% used [0x00000000ffa00000,0x00000000ffc18010,0x00000000ffd00000)
  to   space 3072K, 0% used [0x00000000ffd00000,0x00000000ffd00000,0x0000000100000000)
 ParOldGen       total 34304K, used 18944K [0x00000000fce00000, 0x00000000fef80000, 0x00000000fef80000)
  object space 34304K, 55% used [0x00000000fce00000,0x00000000fe080280,0x00000000fef80000)
 Metaspace       used 10922K, capacity 11344K, committed 11392K, reserved 1058816K
  class space    used 1256K, capacity 1363K, committed 1408K, reserved 1048576K

Card table byte_map: [0x0000000003170000,0x0000000003190000] byte_map_base: 0x0000000002989000

Marking Bits: (ParMarkBitMap*) 0x0000000073b92d00
 Begin Bits: [0x0000000012e00000, 0x0000000012ec8000)
 End Bits:   [0x0000000012ec8000, 0x0000000012f90000)

Polling page: 0x0000000000df0000

CodeCache: size=245760Kb used=3934Kb max_used=3939Kb free=241825Kb
 bounds [0x0000000003440000, 0x0000000003820000, 0x0000000012440000]
 total_blobs=1513 nmethods=1129 adapters=297
 compilation: enabled

Compilation events (10 events):
Event: 41.016 Thread 0x0000000015506000 nmethod 1236 0x0000000003818b90 code [0x0000000003818d20, 0x0000000003819058]
Event: 41.016 Thread 0x0000000015502000 1237       4       java.lang.String::getBytes (27 bytes)
Event: 41.024 Thread 0x0000000015502000 nmethod 1237 0x000000000381e550 code [0x000000000381e700, 0x000000000381ef08]
Event: 41.034 Thread 0x0000000015503000 1238       4       com.kaka.javaAdvancedDemo.OhcDemo$1::serialize (42 bytes)
Event: 41.039 Thread 0x0000000015506000 1239       3       org.caffinitas.ohc.linked.OHCacheLinkedImpl::keySource (78 bytes)
Event: 41.040 Thread 0x0000000015506000 nmethod 1239 0x000000000381d210 code [0x000000000381d420, 0x000000000381df28]
Event: 41.040 Thread 0x0000000015506000 1240       3       org.caffinitas.ohc.linked.KeyBuffer::<init> (12 bytes)
Event: 41.040 Thread 0x0000000015506000 nmethod 1240 0x0000000003818710 code [0x0000000003818880, 0x0000000003818ad0]
Event: 41.040 Thread 0x0000000015506000 1241       3       org.caffinitas.ohc.linked.KeyBuffer::byteBuffer (8 bytes)
Event: 41.040 Thread 0x0000000015506000 nmethod 1241 0x0000000003817ed0 code [0x0000000003818060, 0x0000000003818478]

GC Heap History (10 events):
Event: 41.031 GC heap before
{Heap before GC invocations=9015 (full 232):
 PSYoungGen      total 13312K, used 9467K [0x00000000fef80000, 0x0000000100000000, 0x0000000100000000)
  eden space 9728K, 75% used [0x00000000fef80000,0x00000000ff6aef68,0x00000000ff900000)
  from space 3584K, 58% used [0x00000000ff900000,0x00000000ffb10010,0x00000000ffc80000)
  to   space 3584K, 0% used [0x00000000ffc80000,0x00000000ffc80000,0x0000000100000000)
 ParOldGen       total 34304K, used 15872K [0x00000000fce00000, 0x00000000fef80000, 0x00000000fef80000)
  object space 34304K, 46% used [0x00000000fce00000,0x00000000fdd80270,0x00000000fef80000)
 Metaspace       used 10921K, capacity 11344K, committed 11392K, reserved 1058816K
  class space    used 1256K, capacity 1363K, committed 1408K, reserved 1048576K
Event: 41.032 GC heap after
Heap after GC invocations=9015 (full 232):
 PSYoungGen      total 13824K, used 2144K [0x00000000fef80000, 0x0000000100000000, 0x0000000100000000)
  eden space 10240K, 0% used [0x00000000fef80000,0x00000000fef80000,0x00000000ff980000)
  from space 3584K, 59% used [0x00000000ffc80000,0x00000000ffe98010,0x0000000100000000)
  to   space 3072K, 0% used [0x00000000ff980000,0x00000000ff980000,0x00000000ffc80000)
 ParOldGen       total 34304K, used 15872K [0x00000000fce00000, 0x00000000fef80000, 0x00000000fef80000)
  object space 34304K, 46% used [0x00000000fce00000,0x00000000fdd80270,0x00000000fef80000)
 Metaspace       used 10921K, capacity 11344K, committed 11392K, reserved 1058816K
  class space    used 1256K, capacity 1363K, committed 1408K, reserved 1048576K
}
Event: 41.033 GC heap before
{Heap before GC invocations=9016 (full 232):
 PSYoungGen      total 13824K, used 9510K [0x00000000fef80000, 0x0000000100000000, 0x0000000100000000)
  eden space 10240K, 71% used [0x00000000fef80000,0x00000000ff6b19a0,0x00000000ff980000)
  from space 3584K, 59% used [0x00000000ffc80000,0x00000000ffe98010,0x0000000100000000)
  to   space 3072K, 0% used [0x00000000ff980000,0x00000000ff980000,0x00000000ffc80000)
 ParOldGen       total 34304K, used 15872K [0x00000000fce00000, 0x00000000fef80000, 0x00000000fef80000)
  object space 34304K, 46% used [0x00000000fce00000,0x00000000fdd80270,0x00000000fef80000)
 Metaspace       used 10921K, capacity 11344K, committed 11392K, reserved 1058816K
  class space    used 1256K, capacity 1363K, committed 1408K, reserved 1048576K
Event: 41.034 GC heap after
Heap after GC invocations=9016 (full 232):
 PSYoungGen      total 13312K, used 2144K [0x00000000fef80000, 0x0000000100000000, 0x0000000100000000)
  eden space 10240K, 0% used [0x00000000fef80000,0x00000000fef80000,0x00000000ff980000)
  from space 3072K, 69% used [0x00000000ff980000,0x00000000ffb98010,0x00000000ffc80000)
  to   space 3072K, 0% used [0x00000000ffd00000,0x00000000ffd00000,0x0000000100000000)
 ParOldGen       total 34304K, used 15872K [0x00000000fce00000, 0x00000000fef80000, 0x00000000fef80000)
  object space 34304K, 46% used [0x00000000fce00000,0x00000000fdd80270,0x00000000fef80000)
 Metaspace       used 10921K, capacity 11344K, committed 11392K, reserved 1058816K
  class space    used 1256K, capacity 1363K, committed 1408K, reserved 1048576K
}
Event: 41.035 GC heap before
{Heap before GC invocations=9017 (full 232):
 PSYoungGen      total 13312K, used 9510K [0x00000000fef80000, 0x0000000100000000, 0x0000000100000000)
  eden space 10240K, 71% used [0x00000000fef80000,0x00000000ff6b1af8,0x00000000ff980000)
  from space 3072K, 69% used [0x00000000ff980000,0x00000000ffb98010,0x00000000ffc80000)
  to   space 3072K, 0% used [0x00000000ffd00000,0x00000000ffd00000,0x0000000100000000)
 ParOldGen       total 34304K, used 15872K [0x00000000fce00000, 0x00000000fef80000, 0x00000000fef80000)
  object space 34304K, 46% used [0x00000000fce00000,0x00000000fdd80270,0x00000000fef80000)
 Metaspace       used 10921K, capacity 11344K, committed 11392K, reserved 1058816K
  class space    used 1256K, capacity 1363K, committed 1408K, reserved 1048576K
Event: 41.036 GC heap after
Heap after GC invocations=9017 (full 232):
 PSYoungGen      total 13824K, used 2112K [0x00000000fef80000, 0x0000000100000000, 0x0000000100000000)
  eden space 10752K, 0% used [0x00000000fef80000,0x00000000fef80000,0x00000000ffa00000)
  from space 3072K, 68% used [0x00000000ffd00000,0x00000000fff10010,0x0000000100000000)
  to   space 3072K, 0% used [0x00000000ffa00000,0x00000000ffa00000,0x00000000ffd00000)
 ParOldGen       total 34304K, used 15872K [0x00000000fce00000, 0x00000000fef80000, 0x00000000fef80000)
  object space 34304K, 46% used [0x00000000fce00000,0x00000000fdd80270,0x00000000fef80000)
 Metaspace       used 10921K, capacity 11344K, committed 11392K, reserved 1058816K
  class space    used 1256K, capacity 1363K, committed 1408K, reserved 1048576K
}
Event: 41.038 GC heap before
{Heap before GC invocations=9018 (full 232):
 PSYoungGen      total 13824K, used 12560K [0x00000000fef80000, 0x0000000100000000, 0x0000000100000000)
  eden space 10752K, 97% used [0x00000000fef80000,0x00000000ff9b43b0,0x00000000ffa00000)
  from space 3072K, 68% used [0x00000000ffd00000,0x00000000fff10010,0x0000000100000000)
  to   space 3072K, 0% used [0x00000000ffa00000,0x00000000ffa00000,0x00000000ffd00000)
 ParOldGen       total 34304K, used 15872K [0x00000000fce00000, 0x00000000fef80000, 0x00000000fef80000)
  object space 34304K, 46% used [0x00000000fce00000,0x00000000fdd80270,0x00000000fef80000)
 Metaspace       used 10921K, capacity 11344K, committed 11392K, reserved 1058816K
  class space    used 1256K, capacity 1363K, committed 1408K, reserved 1048576K
Event: 41.039 GC heap after
Heap after GC invocations=9018 (full 232):
 PSYoungGen      total 13824K, used 2112K [0x00000000fef80000, 0x0000000100000000, 0x0000000100000000)
  eden space 10752K, 0% used [0x00000000fef80000,0x00000000fef80000,0x00000000ffa00000)
  from space 3072K, 68% used [0x00000000ffa00000,0x00000000ffc10010,0x00000000ffd00000)
  to   space 3072K, 0% used [0x00000000ffd00000,0x00000000ffd00000,0x0000000100000000)
 ParOldGen       total 34304K, used 18944K [0x00000000fce00000, 0x00000000fef80000, 0x00000000fef80000)
  object space 34304K, 55% used [0x00000000fce00000,0x00000000fe080280,0x00000000fef80000)
 Metaspace       used 10921K, capacity 11344K, committed 11392K, reserved 1058816K
  class space    used 1256K, capacity 1363K, committed 1408K, reserved 1048576K
}
Event: 41.041 GC heap before
{Heap before GC invocations=9019 (full 232):
 PSYoungGen      total 13824K, used 11537K [0x00000000fef80000, 0x0000000100000000, 0x0000000100000000)
  eden space 10752K, 87% used [0x00000000fef80000,0x00000000ff8b46a0,0x00000000ffa00000)
  from space 3072K, 68% used [0x00000000ffa00000,0x00000000ffc10010,0x00000000ffd00000)
  to   space 3072K, 0% used [0x00000000ffd00000,0x00000000ffd00000,0x0000000100000000)
 ParOldGen       total 34304K, used 18944K [0x00000000fce00000, 0x00000000fef80000, 0x00000000fef80000)
  object space 34304K, 55% used [0x00000000fce00000,0x00000000fe080280,0x00000000fef80000)
 Metaspace       used 10922K, capacity 11344K, committed 11392K, reserved 1058816K
  class space    used 1256K, capacity 1363K, committed 1408K, reserved 1048576K
Event: 41.041 GC heap after
Heap after GC invocations=9019 (full 232):
 PSYoungGen      total 13824K, used 1056K [0x00000000fef80000, 0x0000000100000000, 0x0000000100000000)
  eden space 10752K, 0% used [0x00000000fef80000,0x00000000fef80000,0x00000000ffa00000)
  from space 3072K, 34% used [0x00000000ffd00000,0x00000000ffe08010,0x0000000100000000)
  to   space 3072K, 0% used [0x00000000ffa00000,0x00000000ffa00000,0x00000000ffd00000)
 ParOldGen       total 34304K, used 18944K [0x00000000fce00000, 0x00000000fef80000, 0x00000000fef80000)
  object space 34304K, 55% used [0x00000000fce00000,0x00000000fe080280,0x00000000fef80000)
 Metaspace       used 10922K, capacity 11344K, committed 11392K, reserved 1058816K
  class space    used 1256K, capacity 1363K, committed 1408K, reserved 1048576K
}

Deoptimization events (10 events):
Event: 40.490 Thread 0x0000000003343800 Uncommon trap: reason=unstable_if action=reinterpret pc=0x00000000035cdc20 method=org.caffinitas.ohc.linked.Uns.allocate(JZ)J @ 13
Event: 40.491 Thread 0x0000000003343800 Uncommon trap: reason=class_check action=maybe_recompile pc=0x00000000037ac060 method=com.kaka.javaAdvancedDemo.OhcDemo$1.serialize(Ljava/lang/String;Ljava/nio/ByteBuffer;)V @ 19
Event: 40.493 Thread 0x0000000003343800 Uncommon trap: reason=unstable_if action=reinterpret pc=0x00000000037d1674 method=org.caffinitas.ohc.linked.Uns.allocate(JZ)J @ 13
Event: 40.493 Thread 0x0000000003343800 Uncommon trap: reason=class_check action=maybe_recompile pc=0x00000000037ac060 method=com.kaka.javaAdvancedDemo.OhcDemo$1.serialize(Ljava/lang/String;Ljava/nio/ByteBuffer;)V @ 19
Event: 40.495 Thread 0x0000000003343800 Uncommon trap: reason=class_check action=maybe_recompile pc=0x00000000037ac060 method=com.kaka.javaAdvancedDemo.OhcDemo$1.serialize(Ljava/lang/String;Ljava/nio/ByteBuffer;)V @ 19
Event: 40.497 Thread 0x0000000003343800 Uncommon trap: reason=class_check action=maybe_recompile pc=0x00000000037ac060 method=com.kaka.javaAdvancedDemo.OhcDemo$1.serialize(Ljava/lang/String;Ljava/nio/ByteBuffer;)V @ 19
Event: 40.778 Thread 0x0000000003343800 Uncommon trap: reason=speculate_class_check action=maybe_recompile pc=0x0000000003819df8 method=java.nio.ByteBuffer.put([B)Ljava/nio/ByteBuffer; @ 5
Event: 40.781 Thread 0x0000000003343800 Uncommon trap: reason=speculate_class_check action=maybe_recompile pc=0x0000000003819df8 method=java.nio.ByteBuffer.put([B)Ljava/nio/ByteBuffer; @ 5
Event: 40.782 Thread 0x0000000003343800 Uncommon trap: reason=speculate_class_check action=maybe_recompile pc=0x0000000003819df8 method=java.nio.ByteBuffer.put([B)Ljava/nio/ByteBuffer; @ 5
Event: 40.784 Thread 0x0000000003343800 Uncommon trap: reason=speculate_class_check action=maybe_recompile pc=0x0000000003819df8 method=java.nio.ByteBuffer.put([B)Ljava/nio/ByteBuffer; @ 5

Classes redefined (0 events):
No events

Internal exceptions (10 events):
Event: 9.936 Thread 0x0000000016234800 Exception <a 'java/lang/NoSuchMethodError': <clinit>> (0x00000000fef80e00) thrown at [C:\re\workspace\8-2-build-windows-amd64-cygwin\jdk8u181\11358\hotspot\src\share\vm\prims\jni.cpp, line 1613]
Event: 9.944 Thread 0x0000000016234800 Exception <a 'java/lang/NoSuchMethodError': <clinit>> (0x00000000fef90ea0) thrown at [C:\re\workspace\8-2-build-windows-amd64-cygwin\jdk8u181\11358\hotspot\src\share\vm\prims\jni.cpp, line 1613]
Event: 9.944 Thread 0x0000000016234800 Exception <a 'java/lang/NoSuchMethodError': <clinit>> (0x00000000fefa05d0) thrown at [C:\re\workspace\8-2-build-windows-amd64-cygwin\jdk8u181\11358\hotspot\src\share\vm\prims\jni.cpp, line 1613]
Event: 9.944 Thread 0x0000000016234800 Exception <a 'java/lang/NoSuchMethodError': <clinit>> (0x00000000fefa0f98) thrown at [C:\re\workspace\8-2-build-windows-amd64-cygwin\jdk8u181\11358\hotspot\src\share\vm\prims\jni.cpp, line 1613]
Event: 9.946 Thread 0x0000000016234800 Exception <a 'java/lang/NoSuchMethodError': <clinit>> (0x00000000ff0029d0) thrown at [C:\re\workspace\8-2-build-windows-amd64-cygwin\jdk8u181\11358\hotspot\src\share\vm\prims\jni.cpp, line 1613]
Event: 9.946 Thread 0x0000000016234800 Exception <a 'java/lang/NoSuchMethodError': <clinit>> (0x00000000ff003618) thrown at [C:\re\workspace\8-2-build-windows-amd64-cygwin\jdk8u181\11358\hotspot\src\share\vm\prims\jni.cpp, line 1613]
Event: 9.946 Thread 0x0000000016234800 Exception <a 'java/lang/NoSuchMethodError': <clinit>> (0x00000000ff004230) thrown at [C:\re\workspace\8-2-build-windows-amd64-cygwin\jdk8u181\11358\hotspot\src\share\vm\prims\jni.cpp, line 1613]
Event: 10.180 Thread 0x0000000003343800 Exception <a 'java/io/FileNotFoundException'> (0x00000000ff317f68) thrown at [C:\re\workspace\8-2-build-windows-amd64-cygwin\jdk8u181\11358\hotspot\src\share\vm\prims\jni.cpp, line 709]
Event: 10.218 Thread 0x0000000003343800 Exception <a 'java/lang/NoSuchMethodError': org.slf4j.impl.StaticMDCBinder.getSingleton()Lorg/slf4j/impl/StaticMDCBinder;> (0x00000000ff5806c8) thrown at [C:\re\workspace\8-2-build-windows-amd64-cygwin\jdk8u181\11358\hotspot\src\share\vm\interpreter\linkR
Event: 10.970 Thread 0x0000000016234800 Exception <a 'java/lang/NoSuchMethodError': <clinit>> (0x00000000ff2829c0) thrown at [C:\re\workspace\8-2-build-windows-amd64-cygwin\jdk8u181\11358\hotspot\src\share\vm\prims\jni.cpp, line 1613]

Events (10 events):
Event: 41.031 Executing VM operation: ParallelGCFailedAllocation
Event: 41.032 Executing VM operation: ParallelGCFailedAllocation done
Event: 41.033 Executing VM operation: ParallelGCFailedAllocation
Event: 41.034 Executing VM operation: ParallelGCFailedAllocation done
Event: 41.035 Executing VM operation: ParallelGCFailedAllocation
Event: 41.036 Executing VM operation: ParallelGCFailedAllocation done
Event: 41.038 Executing VM operation: ParallelGCFailedAllocation
Event: 41.039 Executing VM operation: ParallelGCFailedAllocation done
Event: 41.041 Executing VM operation: ParallelGCFailedAllocation
Event: 41.041 Executing VM operation: ParallelGCFailedAllocation done


Dynamic libraries:
0x00007ff60cb60000 - 0x00007ff60cb97000 	D:\Java\jdk\bin\java.exe
0x00007ffe29700000 - 0x00007ffe298ee000 	C:\windows\SYSTEM32\ntdll.dll
0x00007ffe27090000 - 0x00007ffe27143000 	C:\windows\System32\KERNEL32.DLL
0x00007ffe25820000 - 0x00007ffe25abd000 	C:\windows\System32\KERNELBASE.dll
0x00007ffe292a0000 - 0x00007ffe29347000 	C:\windows\System32\ADVAPI32.dll
0x00007ffe28fc0000 - 0x00007ffe2905e000 	C:\windows\System32\msvcrt.dll
0x00007ffe29060000 - 0x00007ffe290ff000 	C:\windows\System32\sechost.dll
0x00007ffe26930000 - 0x00007ffe26a4d000 	C:\windows\System32\RPCRT4.dll
0x00007ffe29100000 - 0x00007ffe29298000 	C:\windows\System32\USER32.dll
0x00007ffe26210000 - 0x00007ffe26230000 	C:\windows\System32\win32u.dll
0x00007ffe26c80000 - 0x00007ffe26ca9000 	C:\windows\System32\GDI32.dll
0x00007ffe26650000 - 0x00007ffe267f0000 	C:\windows\System32\gdi32full.dll
0x00007ffe265b0000 - 0x00007ffe26650000 	C:\windows\System32\msvcp_win.dll
0x00007ffe264b0000 - 0x00007ffe265aa000 	C:\windows\System32\ucrtbase.dll
0x00007ffe1ad10000 - 0x00007ffe1af89000 	C:\windows\WinSxS\amd64_microsoft.windows.common-controls_6595b64144ccf1df_6.0.17763.3887_none_de7547fe5347b868\COMCTL32.dll
0x00007ffe27150000 - 0x00007ffe2747c000 	C:\windows\System32\combase.dll
0x00007ffe268a0000 - 0x00007ffe26922000 	C:\windows\System32\bcryptPrimitives.dll
0x00007ffe27960000 - 0x00007ffe2798e000 	C:\windows\System32\IMM32.DLL
0x0000000073c20000 - 0x0000000073cf2000 	D:\Java\jdk\jre\bin\msvcr100.dll
0x0000000073370000 - 0x0000000073c12000 	D:\Java\jdk\jre\bin\server\jvm.dll
0x00007ffe26cb0000 - 0x00007ffe26cb8000 	C:\windows\System32\PSAPI.DLL
0x00007ffe1b990000 - 0x00007ffe1b999000 	C:\windows\SYSTEM32\WSOCK32.dll
0x00007ffe29350000 - 0x00007ffe293bd000 	C:\windows\System32\WS2_32.dll
0x00007ffe1b8a0000 - 0x00007ffe1b8c4000 	C:\windows\SYSTEM32\WINMM.dll
0x00007ffe219a0000 - 0x00007ffe219aa000 	C:\windows\SYSTEM32\VERSION.dll
0x00007ffe1d5b0000 - 0x00007ffe1d5dd000 	C:\windows\SYSTEM32\WINMMBASE.dll
0x00007ffe26460000 - 0x00007ffe264aa000 	C:\windows\System32\cfgmgr32.dll
0x0000000073f70000 - 0x0000000073f7f000 	D:\Java\jdk\jre\bin\verify.dll
0x0000000073f40000 - 0x0000000073f69000 	D:\Java\jdk\jre\bin\java.dll
0x00000000730c0000 - 0x00000000730e3000 	D:\Java\jdk\jre\bin\instrument.dll
0x0000000073f20000 - 0x0000000073f36000 	D:\Java\jdk\jre\bin\zip.dll
0x00007ffe27990000 - 0x00007ffe28e88000 	C:\windows\System32\SHELL32.dll
0x00007ffe26ef0000 - 0x00007ffe26f97000 	C:\windows\System32\shcore.dll
0x00007ffe25ac0000 - 0x00007ffe26209000 	C:\windows\System32\windows.storage.dll
0x00007ffe25710000 - 0x00007ffe25733000 	C:\windows\System32\profapi.dll
0x00007ffe25740000 - 0x00007ffe2579d000 	C:\windows\System32\powrprof.dll
0x00007ffe26fb0000 - 0x00007ffe27002000 	C:\windows\System32\shlwapi.dll
0x00007ffe256f0000 - 0x00007ffe25701000 	C:\windows\System32\kernel.appcore.dll
0x00007ffe257a0000 - 0x00007ffe257bb000 	C:\windows\System32\cryptsp.dll
0x00007ffe08e10000 - 0x00007ffe08e2a000 	D:\Program Files\JetBrains\IntelliJ IDEA 2021.1.2\bin\breakgen64.dll
0x0000000073f00000 - 0x0000000073f1a000 	D:\java\jdk\jre\bin\net.dll
0x00007ffe24f20000 - 0x00007ffe24f87000 	C:\windows\system32\mswsock.dll
0x00007ffe24c70000 - 0x00007ffe24d36000 	C:\windows\SYSTEM32\DNSAPI.dll
0x00007ffe26fa0000 - 0x00007ffe26fa8000 	C:\windows\System32\NSI.dll
0x00007ffe24c30000 - 0x00007ffe24c6d000 	C:\windows\SYSTEM32\IPHLPAPI.DLL
0x00007ffe1f4b0000 - 0x00007ffe1f4ba000 	C:\Windows\System32\rasadhlp.dll
0x00007ffe1f7b0000 - 0x00007ffe1f829000 	C:\windows\System32\fwpuclnt.dll
0x00007ffe26430000 - 0x00007ffe26456000 	C:\windows\System32\bcrypt.dll
0x0000000073ec0000 - 0x0000000073ecd000 	D:\java\jdk\jre\bin\management.dll
0x0000000073ee0000 - 0x0000000073ef1000 	D:\java\jdk\jre\bin\nio.dll
0x00007ffe24aa0000 - 0x00007ffe24ad3000 	C:\windows\system32\rsaenh.dll
0x00007ffe25600000 - 0x00007ffe25629000 	C:\windows\SYSTEM32\USERENV.dll
0x00007ffe250f0000 - 0x00007ffe250fc000 	C:\windows\SYSTEM32\CRYPTBASE.dll
0x00007ffe1f690000 - 0x00007ffe1f6a6000 	C:\windows\SYSTEM32\dhcpcsvc6.DLL
0x00007ffe1f670000 - 0x00007ffe1f68c000 	C:\windows\SYSTEM32\dhcpcsvc.DLL
0x00007ffe0fe00000 - 0x00007ffe0fe16000 	C:\windows\system32\napinsp.dll
0x00007ffe0fd70000 - 0x00007ffe0fd8a000 	C:\windows\system32\pnrpnsp.dll
0x00007ffe0fd50000 - 0x00007ffe0fd5e000 	C:\windows\System32\winrnr.dll
0x00007ffe21930000 - 0x00007ffe2194b000 	C:\windows\system32\NLAapi.dll
0x00007ffe0fd30000 - 0x00007ffe0fd45000 	C:\windows\system32\wshbth.dll
0x00007ffdfcef0000 - 0x00007ffdfcf35000 	C:\Users\Administrator\AppData\Local\Temp\jna-146731693\jna3806706280722187007.dll

VM Arguments:
jvm_args: -Xms50m -Xmx50m -javaagent:D:\Program Files\JetBrains\IntelliJ IDEA 2021.1.2\lib\idea_rt.jar=60679:D:\Program Files\JetBrains\IntelliJ IDEA 2021.1.2\bin -Dfile.encoding=UTF-8 
java_command: com.kaka.javaAdvancedDemo.OhcDemo
java_class_path (initial): D:\java\jdk\jre\lib\charsets.jar;D:\java\jdk\jre\lib\deploy.jar;D:\java\jdk\jre\lib\ext\access-bridge-64.jar;D:\java\jdk\jre\lib\ext\cldrdata.jar;D:\java\jdk\jre\lib\ext\dnsns.jar;D:\java\jdk\jre\lib\ext\jaccess.jar;D:\java\jdk\jre\lib\ext\jfxrt.jar;D:\java\jdk\jre\lib\ext\localedata.jar;D:\java\jdk\jre\lib\ext\nashorn.jar;D:\java\jdk\jre\lib\ext\sunec.jar;D:\java\jdk\jre\lib\ext\sunjce_provider.jar;D:\java\jdk\jre\lib\ext\sunmscapi.jar;D:\java\jdk\jre\lib\ext\sunpkcs11.jar;D:\java\jdk\jre\lib\ext\zipfs.jar;D:\java\jdk\jre\lib\javaws.jar;D:\java\jdk\jre\lib\jce.jar;D:\java\jdk\jre\lib\jfr.jar;D:\java\jdk\jre\lib\jfxswt.jar;D:\java\jdk\jre\lib\jsse.jar;D:\java\jdk\jre\lib\management-agent.jar;D:\java\jdk\jre\lib\plugin.jar;D:\java\jdk\jre\lib\resources.jar;D:\java\jdk\jre\lib\rt.jar;D:\code_space\kaka\javaAdvancedDemo\target\classes;D:\maven\repository\org\springframework\boot\spring-boot-starter\2.7.8\spring-boot-starter-2.7.8.jar;D:\maven\repository\org\springframework\boot\spring-boot\2.7.8\spring-boot-2.7.8.jar;D:\maven\repository\org\springframework\spring-context\5.3.25\spring-context-5.3.25.jar;D:\maven\repository\org\springframework\spring-aop\5.3.25\spring-aop-5.3.25.jar;D:\maven\repository\org\springframework\spring-beans\5.3.25\spring-beans-5.3.25.jar;D:\maven\repository\org\springframework\spring-expression\5.3.25\spring-expression-5.3.25.jar;D:\maven\repository\org\springframework\boot\spring-boot-autoconfigure\2.7.8\spring-boot-autoconfigure-2.7.8.jar;D:\maven\repository\org\springframework\boot\spring-boot-starter-logging\2.7.8\spring-boot-starter-logging-2.7.8.jar;D:\maven\repository\ch\qos\logback\logback-classic\1.2.11\logback-classic-1.2.11.jar;D:\maven\repository\ch\qos\logback\logback-core\1.2.11\logback-core-1.2.11.jar;D:\maven\repository\org\apache\logging\log4j\log4j-to-slf4j\2.17.2\log4j-to-slf4j-2.17.2.jar;D:\maven\repository\org\apache\logging\log4j\log4j-api\2.17.2\log4j-api-2.17.2.jar;D:\maven\repository\org\s
Launcher Type: SUN_STANDARD

Environment Variables:
JAVA_HOME=D:\java\jdk
PATH=C:\Program Files (x86)\Common Files\Oracle\Java\javapath;C:\windows\system32;C:\windows;C:\windows\System32\Wbem;C:\windows\System32\WindowsPowerShell\v1.0\;C:\windows\System32\OpenSSH\;D:\Program Files\TortoiseSVN\bin;D:\java\apache-maven-3.6.2\bin;D:\java\instantclient_11_2;D:\java\jdk;D:\java\jdk\jre\bin;D:\Program Files\PuTTY\;D:\java\jdk\lib;D:\java\jdk\lib\tools.jar;D:\Program Files\UltraEdit;D:\java\apache-jmeter-5.4.1\lib\ext\ApacheJMeter_core.jar;D:\java\apache-jmeter-5.4.1\lib\logkit-2.0.jar;D:\Program Files\Git\cmd;D:\Program Files\Xshell7\;D:\java\mysql-8.0.31-winx64\bin;D:\lua-5.4.2_Win64_bin;C:\Users\Administrator\AppData\Local\Microsoft\WindowsApps;C:\Users\Administrator\AppData\Local\BypassRuntm;D:\Program Files\JetBrains\IntelliJ IDEA 2021.1.2\bin;;D:\java\jdk\bin;D:\java\jdk\jre\bin;
USERNAME=Administrator
OS=Windows_NT
PROCESSOR_IDENTIFIER=Intel64 Family 6 Model 158 Stepping 10, GenuineIntel



---------------  S Y S T E M  ---------------

OS: Windows 10.0 , 64 bit Build 17763 (10.0.17763.3887)

CPU:total 6 (initial active 6) (6 cores per cpu, 1 threads per core) family 6 model 158 stepping 10, cmov, cx8, fxsr, mmx, sse, sse2, sse3, ssse3, sse4.1, sse4.2, popcnt, avx, avx2, aes, clmul, erms, rtm, 3dnowpref, lzcnt, tsc, tscinvbit, bmi1, bmi2, adx

Memory: 4k page, physical 16635236k(365844k free), swap 36296288k(4212k free)

vm_info: Java HotSpot(TM) 64-Bit Server VM (25.181-b13) for windows-amd64 JRE (1.8.0_181-b13), built on Jul  7 2018 04:01:33 by "java_re" with MS VC++ 10.0 (VS2010)

time: Thu Feb 16 17:34:26 2023
elapsed time: 41 seconds (0d 0h 0m 41s)

